------------------------------------------------------------------------------------------------------------------------

[2021-03-02 23:01:07 #1 store] 
Database '/Users/iyanalvarez/eclipse-workspace/Bets21/src/main/resources/bets.temp' is opened by 1432@MacBook-Pro-de-Iyan.local

[2021-03-02 23:01:07 #2 type.registry] 
New type domain.User

[2021-03-02 23:01:07 #3 type] 
Type domain.User is not enhanced.

[2021-03-02 23:01:07 #4 type.registry] 
New type domain.Question

[2021-03-02 23:01:07 #5 type] 
Type domain.Question is not enhanced.

[2021-03-02 23:01:07 #6 type.registry] 
New type domain.Bet

[2021-03-02 23:01:07 #7 type.registry] 
New type java.util.Vector<domain.Bet>

[2021-03-02 23:01:07 #8 type.registry] 
New type domain.Event

[2021-03-02 23:01:07 #9 type] 
Type domain.Bet is not enhanced.

[2021-03-02 23:01:07 #10 type] 
Type domain.Event is not enhanced.

[2021-03-02 23:01:07 #11 type.registry] 
New type java.util.Vector<domain.Question>

[2021-03-02 23:01:07 #12 type.registry] 
New type java.util.Vector<java.lang.Object>

------------------------------------------------------------------------------------------------------------------------

[2021-03-02 23:05:49 #1 store] 
Database '/Users/iyanalvarez/eclipse-workspace/Bets21/src/main/resources/bets.temp' is opened by 1468@MacBook-Pro-de-Iyan.local

[2021-03-02 23:05:49 #2 type.registry] 
New type domain.User

[2021-03-02 23:05:49 #3 type] 
Type domain.User is not enhanced.

[2021-03-02 23:05:49 #4 type.registry] 
New type domain.Question

[2021-03-02 23:05:49 #5 type] 
Type domain.Question is not enhanced.

[2021-03-02 23:05:49 #6 type.registry] 
New type domain.Bet

[2021-03-02 23:05:49 #7 type.registry] 
New type java.util.Vector<domain.Bet>

[2021-03-02 23:05:49 #8 type.registry] 
New type domain.Event

[2021-03-02 23:05:49 #9 type] 
Type domain.Bet is not enhanced.

[2021-03-02 23:05:49 #10 type] 
Type domain.Event is not enhanced.

[2021-03-02 23:05:49 #11 type.registry] 
New type java.util.Vector<domain.Question>

[2021-03-02 23:05:49 #12 type.registry] 
New type java.util.Vector<java.lang.Object>

------------------------------------------------------------------------------------------------------------------------

[2021-03-02 23:08:48 #1 store] 
Database '/Users/iyanalvarez/eclipse-workspace/Bets21/src/main/resources/bets.temp' has been recovered (tr. 1-7)

[2021-03-02 23:08:49 #2 store] 
Database '/Users/iyanalvarez/eclipse-workspace/Bets21/src/main/resources/bets.temp' is opened by 1492@MacBook-Pro-de-Iyan.local

[2021-03-02 23:08:49 #3 type] 
Type domain.User is not enhanced.

[2021-03-02 23:08:49 #4 type] 
Type domain.Question is not enhanced.

[2021-03-02 23:08:49 #5 type] 
Type domain.Bet is not enhanced.

[2021-03-02 23:08:49 #6 type] 
Type domain.Event is not enhanced.

