------------------------------------------------------------------------------------------------------------------------

[2021-02-10 11:41:57 #1 store] 
Database 'C:\Users\jipgosaa\ownCloud\alfredo2011\WORKSPACES\workspace\Bets\Bets\resources\bets.temp' is opened by 13856@U110132

[2021-02-10 11:41:57 #2 type.registry] 
New type domain.Question

[2021-02-10 11:41:57 #3 type] 
Type domain.Question is not enhanced.

[2021-02-10 11:41:57 #4 type.registry] 
New type domain.Event

[2021-02-10 11:41:57 #5 type] 
Type domain.Event is not enhanced.

[2021-02-10 11:41:57 #6 type.registry] 
New type java.util.Vector<domain.Question>

[2021-02-10 11:41:57 #7 type.registry] 
New type java.util.Vector<java.lang.Object>

------------------------------------------------------------------------------------------------------------------------

[2021-02-10 11:43:31 #1 store] 
Database 'C:\Users\jipgosaa\ownCloud\alfredo2011\WORKSPACES\workspace\Bets\Bets\resources\bets.temp' is opened by 13604@U110132

[2021-02-10 11:43:31 #2 type.registry] 
New type domain.Question

[2021-02-10 11:43:31 #3 type] 
Type domain.Question is not enhanced.

[2021-02-10 11:43:31 #4 type.registry] 
New type domain.Event

[2021-02-10 11:43:31 #5 type] 
Type domain.Event is not enhanced.

[2021-02-10 11:43:31 #6 type.registry] 
New type java.util.Vector<domain.Question>

[2021-02-10 11:43:31 #7 type.registry] 
New type java.util.Vector<java.lang.Object>

------------------------------------------------------------------------------------------------------------------------

[2021-02-10 11:44:16 #1 type.registry] 
New type domain.Question

[2021-02-10 11:44:16 #2 type] 
Type domain.Question is not enhanced.

[2021-02-10 11:44:16 #3 type.registry] 
New type domain.Event

[2021-02-10 11:44:16 #4 type] 
Type domain.Event is not enhanced.

[2021-02-10 11:44:16 #5 type.registry] 
New type java.util.Vector<domain.Question>

[2021-02-10 11:44:16 #6 type.registry] 
New type java.util.Vector<java.lang.Object>

------------------------------------------------------------------------------------------------------------------------

[2021-02-10 11:45:12 #1 type.registry] 
New type domain.Question

[2021-02-10 11:45:12 #2 type] 
Type domain.Question is not enhanced.

[2021-02-10 11:45:12 #3 type.registry] 
New type domain.Event

[2021-02-10 11:45:12 #4 type] 
Type domain.Event is not enhanced.

[2021-02-10 11:45:12 #5 type.registry] 
New type java.util.Vector<domain.Question>

[2021-02-10 11:45:12 #6 type.registry] 
New type java.util.Vector<java.lang.Object>

