------------------------------------------------------------------------------------------------------------------------

[2021-03-02 22:47:12 #1 store] 
Database '/Users/iyanalvarez/eclipse-workspace/Bets21/src/main/resources/bets.temp' is opened by 1375@MacBook-Pro-de-Iyan.local

[2021-03-02 22:47:12 #2 type.registry] 
New type domain.User

[2021-03-02 22:47:12 #3 type] 
Type domain.User is not enhanced.

[2021-03-02 22:47:12 #4 type.registry] 
New type domain.Question

[2021-03-02 22:47:12 #5 type] 
Type domain.Question is not enhanced.

[2021-03-02 22:47:12 #6 type.registry] 
New type domain.Bet

[2021-03-02 22:47:12 #7 type.registry] 
New type java.util.Vector<domain.Bet>

[2021-03-02 22:47:12 #8 type.registry] 
New type domain.Event

[2021-03-02 22:47:12 #9 type] 
Type domain.Bet is not enhanced.

[2021-03-02 22:47:12 #10 type] 
Type domain.Event is not enhanced.

[2021-03-02 22:47:12 #11 type.registry] 
New type java.util.Vector<domain.Question>

[2021-03-02 22:47:12 #12 type.registry] 
New type java.util.Vector<java.lang.Object>

