------------------------------------------------------------------------------------------------------------------------

[2021-01-27 17:48:03 #1 store] 
Database 'C:\Users\jipgosaa\ownCloud\alfredo2011\WORKSPACES\workspace\Bets\resources\bets.temp' is opened by 7664@U110132

[2021-01-27 17:48:03 #2 type.registry] 
New type domain.Question

[2021-01-27 17:48:03 #3 type] 
Type domain.Question is not enhanced.

[2021-01-27 17:48:03 #4 type.registry] 
New type domain.Event

[2021-01-27 17:48:03 #5 type] 
Type domain.Event is not enhanced.

[2021-01-27 17:48:03 #6 type.registry] 
New type java.util.Vector<domain.Question>

[2021-01-27 17:48:03 #7 type.registry] 
New type java.util.Vector<java.lang.Object>

------------------------------------------------------------------------------------------------------------------------

[2021-01-27 17:51:46 #1 store] 
Database 'C:\Users\jipgosaa\ownCloud\alfredo2011\WORKSPACES\workspace\Bets\resources\bets.temp' is opened by 3400@U110132

[2021-01-27 17:51:46 #2 type.registry] 
New type domain.Question

[2021-01-27 17:51:46 #3 type] 
Type domain.Question is not enhanced.

[2021-01-27 17:51:46 #4 type.registry] 
New type domain.Event

[2021-01-27 17:51:46 #5 type] 
Type domain.Event is not enhanced.

[2021-01-27 17:51:46 #6 type.registry] 
New type java.util.Vector<domain.Question>

[2021-01-27 17:51:46 #7 type.registry] 
New type java.util.Vector<java.lang.Object>

------------------------------------------------------------------------------------------------------------------------

[2021-01-27 17:55:18 #1 store] 
Database 'C:\Users\jipgosaa\ownCloud\alfredo2011\WORKSPACES\workspace\Bets\resources\bets.temp' is opened by 13404@U110132

[2021-01-27 17:55:18 #2 type.registry] 
New type domain.Question

[2021-01-27 17:55:18 #3 type] 
Type domain.Question is not enhanced.

[2021-01-27 17:55:18 #4 type.registry] 
New type domain.Event

[2021-01-27 17:55:18 #5 type] 
Type domain.Event is not enhanced.

[2021-01-27 17:55:18 #6 type.registry] 
New type java.util.Vector<domain.Question>

[2021-01-27 17:55:18 #7 type.registry] 
New type java.util.Vector<java.lang.Object>

------------------------------------------------------------------------------------------------------------------------

[2021-01-27 17:56:41 #1 store] 
Database 'C:\Users\jipgosaa\ownCloud\alfredo2011\WORKSPACES\workspace\Bets\resources\bets.temp' is opened by 13660@U110132

[2021-01-27 17:56:41 #2 type.registry] 
New type domain.Question

[2021-01-27 17:56:41 #3 type] 
Type domain.Question is not enhanced.

[2021-01-27 17:56:41 #4 type.registry] 
New type domain.Event

[2021-01-27 17:56:41 #5 type] 
Type domain.Event is not enhanced.

[2021-01-27 17:56:41 #6 type.registry] 
New type java.util.Vector<domain.Question>

[2021-01-27 17:56:41 #7 type.registry] 
New type java.util.Vector<java.lang.Object>

------------------------------------------------------------------------------------------------------------------------

[2021-01-27 17:58:23 #1 store] 
Database 'C:\Users\jipgosaa\ownCloud\alfredo2011\WORKSPACES\workspace\Bets\resources\bets.temp' is opened by 14232@U110132

[2021-01-27 17:58:23 #2 type.registry] 
New type domain.Question

[2021-01-27 17:58:23 #3 type] 
Type domain.Question is not enhanced.

[2021-01-27 17:58:23 #4 type.registry] 
New type domain.Event

[2021-01-27 17:58:23 #5 type] 
Type domain.Event is not enhanced.

[2021-01-27 17:58:23 #6 type.registry] 
New type java.util.Vector<domain.Question>

[2021-01-27 17:58:23 #7 type.registry] 
New type java.util.Vector<java.lang.Object>

------------------------------------------------------------------------------------------------------------------------

[2021-01-27 18:02:13 #1 store] 
Database 'C:\Users\jipgosaa\ownCloud\alfredo2011\WORKSPACES\workspace\Bets\resources\bets.temp' is opened by 12836@U110132

[2021-01-27 18:02:13 #2 type.registry] 
New type domain.Question

[2021-01-27 18:02:13 #3 type] 
Type domain.Question is not enhanced.

[2021-01-27 18:02:13 #4 type.registry] 
New type domain.Event

[2021-01-27 18:02:13 #5 type] 
Type domain.Event is not enhanced.

[2021-01-27 18:02:13 #6 type.registry] 
New type java.util.Vector<domain.Question>

[2021-01-27 18:02:13 #7 type.registry] 
New type java.util.Vector<java.lang.Object>

------------------------------------------------------------------------------------------------------------------------

[2021-01-27 18:02:52 #1 store] 
Database 'C:\Users\jipgosaa\ownCloud\alfredo2011\WORKSPACES\workspace\Bets\resources\bets.temp' is opened by 13724@U110132

[2021-01-27 18:02:52 #2 type.registry] 
New type domain.Question

[2021-01-27 18:02:52 #3 type] 
Type domain.Question is not enhanced.

[2021-01-27 18:02:52 #4 type.registry] 
New type domain.Event

[2021-01-27 18:02:53 #5 type] 
Type domain.Event is not enhanced.

[2021-01-27 18:02:53 #6 type.registry] 
New type java.util.Vector<domain.Question>

[2021-01-27 18:02:53 #7 type.registry] 
New type java.util.Vector<java.lang.Object>

------------------------------------------------------------------------------------------------------------------------

[2021-01-27 18:06:38 #1 store] 
Database 'C:\Users\jipgosaa\ownCloud\alfredo2011\WORKSPACES\workspace\Bets\resources\bets.temp' is opened by 4888@U110132

[2021-01-27 18:06:38 #2 type.registry] 
New type domain.Question

[2021-01-27 18:06:38 #3 type] 
Type domain.Question is not enhanced.

[2021-01-27 18:06:38 #4 type.registry] 
New type domain.Event

[2021-01-27 18:06:38 #5 type] 
Type domain.Event is not enhanced.

[2021-01-27 18:06:38 #6 type.registry] 
New type java.util.Vector<domain.Question>

[2021-01-27 18:06:38 #7 type.registry] 
New type java.util.Vector<java.lang.Object>

------------------------------------------------------------------------------------------------------------------------

[2021-01-27 18:07:48 #1 store] 
Database 'C:\Users\jipgosaa\ownCloud\alfredo2011\WORKSPACES\workspace\Bets\resources\bets.temp' is opened by 7744@U110132

[2021-01-27 18:07:48 #2 type.registry] 
New type domain.Question

[2021-01-27 18:07:48 #3 type] 
Type domain.Question is not enhanced.

[2021-01-27 18:07:48 #4 type.registry] 
New type domain.Event

[2021-01-27 18:07:48 #5 type] 
Type domain.Event is not enhanced.

[2021-01-27 18:07:48 #6 type.registry] 
New type java.util.Vector<domain.Question>

[2021-01-27 18:07:48 #7 type.registry] 
New type java.util.Vector<java.lang.Object>

------------------------------------------------------------------------------------------------------------------------

[2021-01-27 18:09:04 #1 store] 
Database 'C:\Users\jipgosaa\ownCloud\alfredo2011\WORKSPACES\workspace\Bets\resources\bets.temp' is opened by 14268@U110132

[2021-01-27 18:09:04 #2 type.registry] 
New type domain.Question

[2021-01-27 18:09:04 #3 type] 
Type domain.Question is not enhanced.

[2021-01-27 18:09:04 #4 type.registry] 
New type domain.Event

[2021-01-27 18:09:04 #5 type] 
Type domain.Event is not enhanced.

[2021-01-27 18:09:04 #6 type.registry] 
New type java.util.Vector<domain.Question>

[2021-01-27 18:09:04 #7 type.registry] 
New type java.util.Vector<java.lang.Object>

