------------------------------------------------------------------------------------------------------------------------

[2021-02-03 18:18:31 #1 store] 
Database 'C:\Users\jipgosaa\ownCloud\alfredo2011\WORKSPACES\workspace\Bets\Bets\resources\bets.temp' is opened by 8272@U110132

[2021-02-03 18:18:31 #2 type.registry] 
New type domain.Question

[2021-02-03 18:18:31 #3 type] 
Type domain.Question is not enhanced.

[2021-02-03 18:18:31 #4 type.registry] 
New type domain.Event

[2021-02-03 18:18:31 #5 type] 
Type domain.Event is not enhanced.

[2021-02-03 18:18:31 #6 type.registry] 
New type java.util.Vector<domain.Question>

[2021-02-03 18:18:31 #7 type.registry] 
New type java.util.Vector<java.lang.Object>

------------------------------------------------------------------------------------------------------------------------

[2021-02-03 18:22:06 #1 type.registry] 
New type domain.Question

[2021-02-03 18:22:06 #2 type] 
Type domain.Question is not enhanced.

[2021-02-03 18:22:06 #3 type.registry] 
New type domain.Event

[2021-02-03 18:22:06 #4 type] 
Type domain.Event is not enhanced.

[2021-02-03 18:22:06 #5 type.registry] 
New type java.util.Vector<domain.Question>

[2021-02-03 18:22:07 #6 type.registry] 
New type java.util.Vector<java.lang.Object>

------------------------------------------------------------------------------------------------------------------------

[2021-02-03 18:27:01 #1 type.registry] 
New type domain.Question

[2021-02-03 18:27:01 #2 type] 
Type domain.Question is not enhanced.

[2021-02-03 18:27:01 #3 type.registry] 
New type domain.Event

[2021-02-03 18:27:01 #4 type] 
Type domain.Event is not enhanced.

[2021-02-03 18:27:01 #5 type.registry] 
New type java.util.Vector<domain.Question>

[2021-02-03 18:27:01 #6 type.registry] 
New type java.util.Vector<java.lang.Object>

------------------------------------------------------------------------------------------------------------------------

[2021-02-03 18:29:11 #1 type.registry] 
New type domain.Question

[2021-02-03 18:29:11 #2 type] 
Type domain.Question is not enhanced.

[2021-02-03 18:29:11 #3 type.registry] 
New type domain.Event

[2021-02-03 18:29:11 #4 type] 
Type domain.Event is not enhanced.

[2021-02-03 18:29:11 #5 type.registry] 
New type java.util.Vector<domain.Question>

[2021-02-03 18:29:11 #6 type.registry] 
New type java.util.Vector<java.lang.Object>

