------------------------------------------------------------------------------------------------------------------------

[2021-02-05 18:23:49 #1 type.registry] 
New type domain.Question

[2021-02-05 18:23:49 #2 type] 
Type domain.Question is not enhanced.

[2021-02-05 18:23:49 #3 type.registry] 
New type domain.Event

[2021-02-05 18:23:49 #4 type] 
Type domain.Event is not enhanced.

[2021-02-05 18:23:49 #5 type.registry] 
New type java.util.Vector<domain.Question>

[2021-02-05 18:23:49 #6 type.registry] 
New type java.util.Vector<java.lang.Object>

------------------------------------------------------------------------------------------------------------------------

[2021-02-05 18:24:40 #1 store] 
Database 'C:\Users\jipgosaa\ownCloud\alfredo2011\WORKSPACES\workspace\Bets\Bets\resources\bets.temp' is opened by 16852@U110132

[2021-02-05 18:24:40 #2 type.registry] 
New type domain.Question

[2021-02-05 18:24:40 #3 type] 
Type domain.Question is not enhanced.

[2021-02-05 18:24:40 #4 type.registry] 
New type domain.Event

[2021-02-05 18:24:40 #5 type] 
Type domain.Event is not enhanced.

[2021-02-05 18:24:40 #6 type.registry] 
New type java.util.Vector<domain.Question>

[2021-02-05 18:24:40 #7 type.registry] 
New type java.util.Vector<java.lang.Object>

