------------------------------------------------------------------------------------------------------------------------

[2021-02-14 16:34:19 #1 store] 
Database 'C:\Users\Lenovo_Usuario\Documents\UPV\FACU\Java\IS1\Bets21-master\Bets21-master\src\main\resources\bets.temp' is opened by 9252@ALEINA

[2021-02-14 16:34:20 #2 type.registry] 
New type domain.Question

[2021-02-14 16:34:20 #3 type] 
Type domain.Question is not enhanced.

[2021-02-14 16:34:20 #4 type.registry] 
New type domain.Event

[2021-02-14 16:34:20 #5 type] 
Type domain.Event is not enhanced.

[2021-02-14 16:34:20 #6 type.registry] 
New type java.util.Vector<domain.Question>

[2021-02-14 16:34:20 #7 type.registry] 
New type java.util.Vector<java.lang.Object>

------------------------------------------------------------------------------------------------------------------------

[2021-02-14 17:36:00 #1 store] 
Database 'C:\Users\Lenovo_Usuario\Documents\UPV\FACU\Java\IS1\Bets21-master\Bets21-master\src\main\resources\bets.temp' is opened by 1592@ALEINA

[2021-02-14 17:36:00 #2 type.registry] 
New type domain.Question

[2021-02-14 17:36:00 #3 type] 
Type domain.Question is not enhanced.

[2021-02-14 17:36:00 #4 type.registry] 
New type domain.Event

[2021-02-14 17:36:00 #5 type] 
Type domain.Event is not enhanced.

[2021-02-14 17:36:00 #6 type.registry] 
New type java.util.Vector<domain.Question>

[2021-02-14 17:36:00 #7 type.registry] 
New type java.util.Vector<java.lang.Object>

------------------------------------------------------------------------------------------------------------------------

[2021-02-14 17:37:55 #1 store] 
Database 'C:\Users\Lenovo_Usuario\Documents\UPV\FACU\Java\IS1\Bets21-master\Bets21-master\src\main\resources\bets.temp' is opened by 15296@ALEINA

[2021-02-14 17:37:55 #2 type.registry] 
New type domain.Question

[2021-02-14 17:37:55 #3 type] 
Type domain.Question is not enhanced.

[2021-02-14 17:37:55 #4 type.registry] 
New type domain.Event

[2021-02-14 17:37:55 #5 type] 
Type domain.Event is not enhanced.

[2021-02-14 17:37:55 #6 type.registry] 
New type java.util.Vector<domain.Question>

[2021-02-14 17:37:55 #7 type.registry] 
New type java.util.Vector<java.lang.Object>

------------------------------------------------------------------------------------------------------------------------

[2021-02-14 17:38:20 #1 store] 
Database 'C:\Users\Lenovo_Usuario\Documents\UPV\FACU\Java\IS1\Bets21-master\Bets21-master\src\main\resources\bets.temp' is opened by 13140@ALEINA

[2021-02-14 17:38:20 #2 type.registry] 
New type domain.Question

[2021-02-14 17:38:20 #3 type] 
Type domain.Question is not enhanced.

[2021-02-14 17:38:20 #4 type.registry] 
New type domain.Event

[2021-02-14 17:38:20 #5 type] 
Type domain.Event is not enhanced.

[2021-02-14 17:38:20 #6 type.registry] 
New type java.util.Vector<domain.Question>

[2021-02-14 17:38:20 #7 type.registry] 
New type java.util.Vector<java.lang.Object>

------------------------------------------------------------------------------------------------------------------------

[2021-02-14 18:51:09 #1 store] 
Database 'C:\Users\Lenovo_Usuario\Documents\UPV\FACU\Java\IS1\Bets21-master\Bets21-master\src\main\resources\bets.temp' is opened by 6996@ALEINA

[2021-02-14 18:51:10 #2 type.registry] 
New type domain.Question

[2021-02-14 18:51:10 #3 type] 
Type domain.Question is not enhanced.

[2021-02-14 18:51:10 #4 type.registry] 
New type domain.Event

[2021-02-14 18:51:10 #5 type] 
Type domain.Event is not enhanced.

[2021-02-14 18:51:10 #6 type.registry] 
New type java.util.Vector<domain.Question>

[2021-02-14 18:51:10 #7 type.registry] 
New type java.util.Vector<java.lang.Object>

------------------------------------------------------------------------------------------------------------------------

[2021-02-14 18:55:16 #1 store] 
Database 'C:\Users\Lenovo_Usuario\Documents\UPV\FACU\Java\IS1\Bets21-master\Bets21-master\src\main\resources\bets.temp' is opened by 11432@ALEINA

[2021-02-14 18:55:16 #2 type.registry] 
New type domain.Question

[2021-02-14 18:55:16 #3 type] 
Type domain.Question is not enhanced.

[2021-02-14 18:55:16 #4 type.registry] 
New type domain.Event

[2021-02-14 18:55:16 #5 type] 
Type domain.Event is not enhanced.

[2021-02-14 18:55:16 #6 type.registry] 
New type java.util.Vector<domain.Question>

[2021-02-14 18:55:16 #7 type.registry] 
New type java.util.Vector<java.lang.Object>

