------------------------------------------------------------------------------------------------------------------------

[2021-02-10 11:44:07 #1 server] 
java.net.BindException: Address already in use: bind
	at java.base/sun.nio.ch.Net.bind0(Native Method)
	at java.base/sun.nio.ch.Net.bind(Net.java:469)
	at java.base/sun.nio.ch.Net.bind(Net.java:458)
	at java.base/sun.nio.ch.NioSocketImpl.bind(NioSocketImpl.java:643)
	at java.base/java.net.ServerSocket.bind(ServerSocket.java:374)
	at java.base/java.net.ServerSocket.<init>(ServerSocket.java:260)
	at java.base/java.net.ServerSocket.<init>(ServerSocket.java:204)
	at com.objectdb.o.SMR.I(SMR.java:259)
	at com.objectdb.o.SMR.n(SMR.java:159)
	at com.objectdb.o.TOL.run(TOL.java:116)
	at com.objectdb.Server.runCommand(Server.java:200)
	at com.objectdb.Server.run(Server.java:104)
	at com.objectdb.Server.main(Server.java:63)

------------------------------------------------------------------------------------------------------------------------

[2021-02-10 11:45:05 #1 server] 
Server on port 6136 has started by 14108@U110132

[2021-02-10 11:45:11 #2 store] 
Database 'C:\Users\jipgosaa\ownCloud\alfredo2011\WORKSPACES\workspace\Bets\Bets\resources\db\resources\bets.temp' is opened by 14108@U110132

[2021-02-10 11:49:12 #3 store] 
Database 'C:\Users\jipgosaa\ownCloud\alfredo2011\WORKSPACES\workspace\Bets\Bets\resources\db\resources\bets.temp' is closed by 14108@U110132

